Filename                                         Regions    Missed Regions     Cover   Functions  Missed Functions  Executed       Lines      Missed Lines     Cover    Branches   Missed Branches     Cover
------------------------------------------------------------------------------------------------------------------------------------------------------------------------------------------------------------
backend/src/cli_options.rs                            75                36    52.00%          25                16    36.00%         115                33    71.30%           0                 0         -
backend/src/config.rs                                 11                 4    63.64%           2                 0   100.00%          31                 2    93.55%           0                 0         -
backend/src/health.rs                                 18                12    33.33%           7                 4    42.86%          49                30    38.78%           0                 0         -
backend/src/inference.rs                               6                 4    33.33%           4                 2    50.00%          13                 7    46.15%           0                 0         -
backend/src/main.rs                                    2                 2     0.00%           2                 2     0.00%          19                19     0.00%           0                 0         -
backend/src/registration.rs                           24                11    54.17%           6                 3    50.00%          59                18    69.49%           0                 0         -
cli/src/cli_options.rs                                 6                 6     0.00%           2                 2     0.00%           7                 7     0.00%           0                 0         -
cli/src/main.rs                                        2                 2     0.00%           2                 2     0.00%          15                15     0.00%           0                 0         -
governator/src/cli_options.rs                         41                27    34.15%          28                23    17.86%          67                24    64.18%           0                 0         -
governator/src/config.rs                               2                 0   100.00%           2                 0   100.00%          26                 0   100.00%           0                 0         -
governator/src/cost_analysis.rs                        9                 1    88.89%           3                 0   100.00%          17                 0   100.00%           0                 0         -
governator/src/decision_engine.rs                      9                 0   100.00%           3                 0   100.00%          14                 0   100.00%           0                 0         -
governator/src/main.rs                                 2                 2     0.00%           2                 2     0.00%          19                19     0.00%           0                 0         -
governator/src/storage.rs                              9                 2    77.78%           5                 0   100.00%          15                 0   100.00%           0                 0         -
proxy/src/cli_options.rs                              49                21    57.14%          19                13    31.58%          86                24    72.09%           0                 0         -
proxy/src/config.rs                                  249                87    65.06%          29                11    62.07%         448               119    73.44%           0                 0         -
proxy/src/lib.rs                                      22                13    40.91%           8                 5    37.50%          78                42    46.15%           0                 0         -
proxy/src/main.rs                                      4                 4     0.00%           2                 2     0.00%          26                26     0.00%           0                 0         -
proxy/src/peer_manager.rs                             90                12    86.67%          33                 3    90.91%         207                12    94.20%           0                 0         -
proxy/src/server.rs                                  155                58    62.58%          37                 5    86.49%         294                76    74.15%           0                 0         -
shared/src/cli.rs                                     32                 8    75.00%          16                 5    68.75%          64                18    71.88%           0                 0         -
shared/src/error.rs                                   40                 1    97.50%          12                 0   100.00%         102                 0   100.00%           0                 0         -
shared/src/metrics.rs                                117                26    77.78%          26                 6    76.92%         437                45    89.70%           0                 0         -
shared/src/operations_server.rs                      379               118    68.87%         102                32    68.63%        1374               254    81.51%           0                 0         -
shared/src/service_discovery/auth.rs                  37                21    43.24%          11                 7    36.36%          42                25    40.48%           0                 0         -
shared/src/service_discovery/client.rs                52                23    55.77%          36                20    44.44%         159                77    51.57%           0                 0         -
shared/src/service_discovery/config.rs                93                29    68.82%          13                 3    76.92%         186                53    71.51%           0                 0         -
shared/src/service_discovery/consensus.rs             10                 1    90.00%           9                 1    88.89%          25                 3    88.00%           0                 0         -
shared/src/service_discovery/errors.rs                50                45    10.00%           9                 8    11.11%         107                98     8.41%           0                 0         -
shared/src/service_discovery/health.rs                54                44    18.52%          10                 6    40.00%         122                62    49.18%           0                 0         -
shared/src/service_discovery/registration.rs         110                10    90.91%          18                 2    88.89%         303                22    92.74%           0                 0         -
shared/src/service_discovery/retry.rs                 69                54    21.74%          23                13    43.48%         143                99    30.77%           0                 0         -
shared/src/service_discovery/server.rs                99                13    86.87%          37                 3    91.89%         397                28    92.95%           0                 0         -
shared/src/service_discovery/service.rs              297               100    66.33%          50                11    78.00%         526               148    71.86%           0                 0         -
shared/src/service_discovery/types.rs                 55                27    50.91%          22                12    45.45%         126                47    62.70%           0                 0         -
shared/src/service_discovery/updates.rs               45                 9    80.00%          16                 2    87.50%         114                17    85.09%           0                 0         -
shared/src/service_discovery/validation.rs           185                25    86.49%          23                 1    95.65%         403                59    85.36%           0                 0         -
------------------------------------------------------------------------------------------------------------------------------------------------------------------------------------------------------------
TOTAL                                               2509               858    65.80%         654               227    65.29%        6235              1528    75.49%           0                 0         -